=== DETAILED BUILD LOG ===

[1/11] Building: /Users/sergiu.bursuc/baif/vericoding/benchmarks/lean/humaneval/first10/HumanEval_0.lean
Time: Mon Sep  8 11:36:10 CEST 2025
FAILED: /Users/sergiu.bursuc/baif/vericoding/benchmarks/lean/humaneval/first10/HumanEval_0.lean
error: unknown module source path `/Users/sergiu.bursuc/baif/vericoding/benchmarks/lean/humaneval/first10/HumanEval_0.lean`
---

[2/11] Building: /Users/sergiu.bursuc/baif/vericoding/benchmarks/lean/humaneval/first10/HumanEval_1.lean
Time: Mon Sep  8 11:36:11 CEST 2025
FAILED: /Users/sergiu.bursuc/baif/vericoding/benchmarks/lean/humaneval/first10/HumanEval_1.lean
error: unknown module source path `/Users/sergiu.bursuc/baif/vericoding/benchmarks/lean/humaneval/first10/HumanEval_1.lean`
---

[3/11] Building: /Users/sergiu.bursuc/baif/vericoding/benchmarks/lean/humaneval/first10/HumanEval_10.lean
Time: Mon Sep  8 11:36:12 CEST 2025
FAILED: /Users/sergiu.bursuc/baif/vericoding/benchmarks/lean/humaneval/first10/HumanEval_10.lean
error: unknown module source path `/Users/sergiu.bursuc/baif/vericoding/benchmarks/lean/humaneval/first10/HumanEval_10.lean`
---

[4/11] Building: /Users/sergiu.bursuc/baif/vericoding/benchmarks/lean/humaneval/first10/HumanEval_2.lean
Time: Mon Sep  8 11:36:12 CEST 2025
FAILED: /Users/sergiu.bursuc/baif/vericoding/benchmarks/lean/humaneval/first10/HumanEval_2.lean
error: unknown module source path `/Users/sergiu.bursuc/baif/vericoding/benchmarks/lean/humaneval/first10/HumanEval_2.lean`
---

[5/11] Building: /Users/sergiu.bursuc/baif/vericoding/benchmarks/lean/humaneval/first10/HumanEval_3.lean
Time: Mon Sep  8 11:36:13 CEST 2025
FAILED: /Users/sergiu.bursuc/baif/vericoding/benchmarks/lean/humaneval/first10/HumanEval_3.lean
error: unknown module source path `/Users/sergiu.bursuc/baif/vericoding/benchmarks/lean/humaneval/first10/HumanEval_3.lean`
---

[6/11] Building: /Users/sergiu.bursuc/baif/vericoding/benchmarks/lean/humaneval/first10/HumanEval_4.lean
Time: Mon Sep  8 11:36:14 CEST 2025
FAILED: /Users/sergiu.bursuc/baif/vericoding/benchmarks/lean/humaneval/first10/HumanEval_4.lean
error: unknown module source path `/Users/sergiu.bursuc/baif/vericoding/benchmarks/lean/humaneval/first10/HumanEval_4.lean`
---

[7/11] Building: /Users/sergiu.bursuc/baif/vericoding/benchmarks/lean/humaneval/first10/HumanEval_5.lean
Time: Mon Sep  8 11:36:14 CEST 2025
FAILED: /Users/sergiu.bursuc/baif/vericoding/benchmarks/lean/humaneval/first10/HumanEval_5.lean
error: unknown module source path `/Users/sergiu.bursuc/baif/vericoding/benchmarks/lean/humaneval/first10/HumanEval_5.lean`
---

[8/11] Building: /Users/sergiu.bursuc/baif/vericoding/benchmarks/lean/humaneval/first10/HumanEval_6.lean
Time: Mon Sep  8 11:36:15 CEST 2025
FAILED: /Users/sergiu.bursuc/baif/vericoding/benchmarks/lean/humaneval/first10/HumanEval_6.lean
error: unknown module source path `/Users/sergiu.bursuc/baif/vericoding/benchmarks/lean/humaneval/first10/HumanEval_6.lean`
---

[9/11] Building: /Users/sergiu.bursuc/baif/vericoding/benchmarks/lean/humaneval/first10/HumanEval_7.lean
Time: Mon Sep  8 11:36:15 CEST 2025
FAILED: /Users/sergiu.bursuc/baif/vericoding/benchmarks/lean/humaneval/first10/HumanEval_7.lean
error: unknown module source path `/Users/sergiu.bursuc/baif/vericoding/benchmarks/lean/humaneval/first10/HumanEval_7.lean`
---

[10/11] Building: /Users/sergiu.bursuc/baif/vericoding/benchmarks/lean/humaneval/first10/HumanEval_8.lean
Time: Mon Sep  8 11:36:16 CEST 2025
FAILED: /Users/sergiu.bursuc/baif/vericoding/benchmarks/lean/humaneval/first10/HumanEval_8.lean
error: unknown module source path `/Users/sergiu.bursuc/baif/vericoding/benchmarks/lean/humaneval/first10/HumanEval_8.lean`
---

[11/11] Building: /Users/sergiu.bursuc/baif/vericoding/benchmarks/lean/humaneval/first10/HumanEval_9.lean
Time: Mon Sep  8 11:36:17 CEST 2025
FAILED: /Users/sergiu.bursuc/baif/vericoding/benchmarks/lean/humaneval/first10/HumanEval_9.lean
error: unknown module source path `/Users/sergiu.bursuc/baif/vericoding/benchmarks/lean/humaneval/first10/HumanEval_9.lean`
---
