=== DETAILED BUILD LOG ===

[1/11] Building: /Users/sergiu.bursuc/baif/vericoding/benchmarks/lean/humaneval/first10/HumanEval_0.lean
Time: Mon Sep  8 11:37:03 CEST 2025
SUCCESS (with warnings): /Users/sergiu.bursuc/baif/vericoding/benchmarks/lean/humaneval/first10/HumanEval_0.lean
⚠ [7087/7087] Built humaneval.first10.HumanEval_0 (7.1s)
warning: benchmarks/lean/humaneval/first10/HumanEval_0.lean:18:4: declaration uses 'sorry'
warning: benchmarks/lean/humaneval/first10/HumanEval_0.lean:40:8: declaration uses 'sorry'
Build completed successfully (7087 jobs).
---

[2/11] Building: /Users/sergiu.bursuc/baif/vericoding/benchmarks/lean/humaneval/first10/HumanEval_1.lean
Time: Mon Sep  8 11:37:14 CEST 2025
SUCCESS (with warnings): /Users/sergiu.bursuc/baif/vericoding/benchmarks/lean/humaneval/first10/HumanEval_1.lean
⚠ [7087/7087] Built humaneval.first10.HumanEval_1 (3.2s)
warning: benchmarks/lean/humaneval/first10/HumanEval_1.lean:115:4: declaration uses 'sorry'
warning: benchmarks/lean/humaneval/first10/HumanEval_1.lean:135:8: declaration uses 'sorry'
Build completed successfully (7087 jobs).
---

[3/11] Building: /Users/sergiu.bursuc/baif/vericoding/benchmarks/lean/humaneval/first10/HumanEval_10.lean
Time: Mon Sep  8 11:37:21 CEST 2025
SUCCESS (with warnings): /Users/sergiu.bursuc/baif/vericoding/benchmarks/lean/humaneval/first10/HumanEval_10.lean
⚠ [7087/7087] Built humaneval.first10.HumanEval_10 (2.8s)
warning: benchmarks/lean/humaneval/first10/HumanEval_10.lean:36:4: declaration uses 'sorry'
warning: benchmarks/lean/humaneval/first10/HumanEval_10.lean:58:8: declaration uses 'sorry'
Build completed successfully (7087 jobs).
---

[4/11] Building: /Users/sergiu.bursuc/baif/vericoding/benchmarks/lean/humaneval/first10/HumanEval_2.lean
Time: Mon Sep  8 11:37:26 CEST 2025
SUCCESS (with warnings): /Users/sergiu.bursuc/baif/vericoding/benchmarks/lean/humaneval/first10/HumanEval_2.lean
⚠ [7087/7087] Built humaneval.first10.HumanEval_2 (2.9s)
warning: benchmarks/lean/humaneval/first10/HumanEval_2.lean:21:4: declaration uses 'sorry'
warning: benchmarks/lean/humaneval/first10/HumanEval_2.lean:40:8: declaration uses 'sorry'
Build completed successfully (7087 jobs).
---

[5/11] Building: /Users/sergiu.bursuc/baif/vericoding/benchmarks/lean/humaneval/first10/HumanEval_3.lean
Time: Mon Sep  8 11:37:31 CEST 2025
SUCCESS (with warnings): /Users/sergiu.bursuc/baif/vericoding/benchmarks/lean/humaneval/first10/HumanEval_3.lean
⚠ [7087/7087] Built humaneval.first10.HumanEval_3 (2.8s)
warning: benchmarks/lean/humaneval/first10/HumanEval_3.lean:28:4: declaration uses 'sorry'
warning: benchmarks/lean/humaneval/first10/HumanEval_3.lean:46:8: declaration uses 'sorry'
Build completed successfully (7087 jobs).
---

[6/11] Building: /Users/sergiu.bursuc/baif/vericoding/benchmarks/lean/humaneval/first10/HumanEval_4.lean
Time: Mon Sep  8 11:37:36 CEST 2025
SUCCESS (with warnings): /Users/sergiu.bursuc/baif/vericoding/benchmarks/lean/humaneval/first10/HumanEval_4.lean
⚠ [7087/7087] Built humaneval.first10.HumanEval_4 (2.8s)
warning: benchmarks/lean/humaneval/first10/HumanEval_4.lean:25:4: declaration uses 'sorry'
warning: benchmarks/lean/humaneval/first10/HumanEval_4.lean:44:8: declaration uses 'sorry'
Build completed successfully (7087 jobs).
---

[7/11] Building: /Users/sergiu.bursuc/baif/vericoding/benchmarks/lean/humaneval/first10/HumanEval_5.lean
Time: Mon Sep  8 11:37:41 CEST 2025
SUCCESS (with warnings): /Users/sergiu.bursuc/baif/vericoding/benchmarks/lean/humaneval/first10/HumanEval_5.lean
⚠ [7087/7087] Built humaneval.first10.HumanEval_5 (2.8s)
warning: benchmarks/lean/humaneval/first10/HumanEval_5.lean:23:4: declaration uses 'sorry'
warning: benchmarks/lean/humaneval/first10/HumanEval_5.lean:45:8: declaration uses 'sorry'
Build completed successfully (7087 jobs).
---

[8/11] Building: /Users/sergiu.bursuc/baif/vericoding/benchmarks/lean/humaneval/first10/HumanEval_6.lean
Time: Mon Sep  8 11:37:46 CEST 2025
SUCCESS (with warnings): /Users/sergiu.bursuc/baif/vericoding/benchmarks/lean/humaneval/first10/HumanEval_6.lean
⚠ [7087/7087] Built humaneval.first10.HumanEval_6 (3.2s)
warning: benchmarks/lean/humaneval/first10/HumanEval_6.lean:112:4: declaration uses 'sorry'
warning: benchmarks/lean/humaneval/first10/HumanEval_6.lean:133:8: declaration uses 'sorry'
Build completed successfully (7087 jobs).
---

[9/11] Building: /Users/sergiu.bursuc/baif/vericoding/benchmarks/lean/humaneval/first10/HumanEval_7.lean
Time: Mon Sep  8 11:37:51 CEST 2025
SUCCESS (with warnings): /Users/sergiu.bursuc/baif/vericoding/benchmarks/lean/humaneval/first10/HumanEval_7.lean
⚠ [7087/7087] Built humaneval.first10.HumanEval_7 (3.0s)
warning: benchmarks/lean/humaneval/first10/HumanEval_7.lean:23:4: declaration uses 'sorry'
warning: benchmarks/lean/humaneval/first10/HumanEval_7.lean:42:8: declaration uses 'sorry'
Build completed successfully (7087 jobs).
---

[10/11] Building: /Users/sergiu.bursuc/baif/vericoding/benchmarks/lean/humaneval/first10/HumanEval_8.lean
Time: Mon Sep  8 11:37:56 CEST 2025
SUCCESS (with warnings): /Users/sergiu.bursuc/baif/vericoding/benchmarks/lean/humaneval/first10/HumanEval_8.lean
⚠ [7087/7087] Built humaneval.first10.HumanEval_8 (2.8s)
warning: benchmarks/lean/humaneval/first10/HumanEval_8.lean:20:4: declaration uses 'sorry'
warning: benchmarks/lean/humaneval/first10/HumanEval_8.lean:40:8: declaration uses 'sorry'
Build completed successfully (7087 jobs).
---

[11/11] Building: /Users/sergiu.bursuc/baif/vericoding/benchmarks/lean/humaneval/first10/HumanEval_9.lean
Time: Mon Sep  8 11:38:00 CEST 2025
SUCCESS (with warnings): /Users/sergiu.bursuc/baif/vericoding/benchmarks/lean/humaneval/first10/HumanEval_9.lean
⚠ [7087/7087] Built humaneval.first10.HumanEval_9 (2.8s)
warning: benchmarks/lean/humaneval/first10/HumanEval_9.lean:18:4: declaration uses 'sorry'
warning: benchmarks/lean/humaneval/first10/HumanEval_9.lean:36:8: declaration uses 'sorry'
Build completed successfully (7087 jobs).
---
